<?xml version="1.0" encoding="UTF-8"?>
<testng-results skipped="0" failed="0" ignored="0" total="1" passed="1">
  <reporter-output>
  </reporter-output>
  <suite name="Default suite" duration-ms="4872" started-at="2022-12-20T12:30:28 CST" finished-at="2022-12-20T12:30:33 CST">
    <groups>
    </groups>
    <test name="Default test" duration-ms="4872" started-at="2022-12-20T12:30:28 CST" finished-at="2022-12-20T12:30:33 CST">
      <class name="postmanAPItesting.GetWeatherAPI">
        <test-method status="PASS" signature="getWeatherDetail()[pri:0, instance:postmanAPItesting.GetWeatherAPI@2833cc44]" name="getWeatherDetail" duration-ms="4800" started-at="2022-12-20T12:30:28 CST" finished-at="2022-12-20T12:30:33 CST">
          <reporter-output>
          </reporter-output>
        </test-method> <!-- getWeatherDetail -->
      </class> <!-- postmanAPItesting.GetWeatherAPI -->
    </test> <!-- Default test -->
  </suite> <!-- Default suite -->
</testng-results>
